Compiler artifact comparison
/shared/home/user/cl-vs-cuda-perf/artifacts/register_tiled_m8192_n8192_k8192_bm128_bn128_bk16_tm8_tn8_20260501_174720
kernel=register_tiled; m=8192, n=8192, k=8192, bm=128, bn=128, bk=16, tm=8, tn=8, dtype=<class 'numpy.float32'>, niterations=100

Collection diagnostics
  - opencl: is_pocl_context=True, binaries=1, run_local_pocl_ptx=1, primary_ptx=artifacts/register_tiled_m8192_n8192_k8192_bm128_bn128_bk16_tm8_tn8_20260501_174720/opencl/pocl-cache-extracted/IK_OFHPECIMACHMLMHJDMDIOHBEGMGABNCMACOGC_program.bc.Ofs.ptx
  - run-local POCL cache: /shared/home/user/cl-vs-cuda-perf/artifacts/register_tiled_m8192_n8192_k8192_bm128_bn128_bk16_tm8_tn8_20260501_174720/opencl/pocl-cache
  - POCL cache dirs used: /shared/home/user/cl-vs-cuda-perf/artifacts/register_tiled_m8192_n8192_k8192_bm128_bn128_bk16_tm8_tn8_20260501_174720/opencl/pocl-cache
  - cuda: outputs=5, errors=0
  - opencl: parsed 22 canonical files out of 28 available files.
  - cuda: parsed 10 canonical files out of 27 available files.

Main comparison
metric                   |   OpenCL |     CUDA | OCL/CUDA |  flag
-------------------------+----------+----------+----------+------
measured GFLOP/s         | 12,136.9 | 25,266.5 |    0.48x | worse
seconds / iteration      |   0.0906 |   0.0435 |    2.08x | worse
ptxas registers/thread   |       96 |       96 |    1.00x |
spill stores, bytes      |        0 |        0 |        - |
spill loads, bytes       |        0 |        0 |        - |
stack frame, bytes       |        0 |        0 |        - |
SASS instructions        |      408 |      344 |    1.19x | worse
SASS STG output stores   |       64 |       64 |    1.00x |
SASS instructions / STG  |   6.3750 |   5.3750 |    1.19x | worse
SASS int/address ops     |      172 |       34 |    5.06x | worse
int/address ops / STG    |   2.6875 |    0.531 |    5.06x | worse
static FFMA / STG        |   1.0000 |   2.0000 |    0.50x |
SASS FFMA                |       64 |      128 |    0.50x |
SASS FMUL                |        0 |        0 |        - |
SASS FADD                |        0 |        0 |        - |
FFMA / SASS instruction  |    0.157 |    0.372 |    0.42x | worse
SASS instructions / FFMA |   6.3750 |   2.6875 |    2.37x | worse
global mem ops / FFMA    |   1.0312 |    0.625 |    1.65x | worse
shared mem ops / FFMA    |    0.188 |    0.281 |    0.67x |
local mem ops / FFMA     |        0 |        0 |        - |
global mem ops / STG     |   1.0312 |   1.2500 |    0.82x |
shared mem ops / STG     |    0.188 |    0.562 |    0.33x |
barriers                 |        2 |        2 |    1.00x |
PTX virtual reg slots    |      830 |      732 |    1.13x | worse
PTX instruction lines    |      502 |      404 |    1.24x | worse

Top suspects
  1. OpenCL has 5.06x CUDA integer/address ops per output store.
  2. OpenCL has 2.37x CUDA SASS instructions per FFMA.
  3. OpenCL throughput is 0.48x CUDA throughput.
  4. OpenCL has fewer static FFMA per output store (1.00 vs CUDA 2.00); likely a different unroll/loop structure.
  5. OpenCL has 1.65x CUDA global-memory ops per FFMA.
  6. OpenCL has 1.19x CUDA SASS instructions per output store.

Top SASS opcodes, per backend (top 12)
OpenCL   |     CUDA
---------+---------
IADD3 83 | FFMA 128
IMAD 75  |   STG 64
FFMA 64  |  CS2R 31
STG 64   |   LEA 21
CS2R 31  |   LDS 20
LDS 10   |   LDG 16
NOP 8    |   STS 16
S2R 6    |    NOP 8
MOV 6    |    S2R 5
LEA 6    |    LDC 4
BRA 6    |    SHF 4
SHF 5    |    BRA 4

Parsed artifact files
backend |         files |                                                                             kinds
--------+---------------+----------------------------------------------------------------------------------
opencl  | 22 / 28 avail | command_json:4, compiler_log:6, json:2, ptx:1, resource_usage:3, sass:1, source:5
cuda    | 10 / 27 avail | command_json:1, compiler_log:3, json:1, ptx:1, resource_usage:1, sass:1, source:2
unknown |             2 |                                                                            json:2

Raw comparison notes
  - OpenCL summary uses one primary PTX: opencl/pocl_primary.ptx
  - CUDA summary uses canonical loopy_kernel PTX/SASS/resource files only.
  - gflops: OpenCL=12,136.9, CUDA=25,266.5, ratio=0.48x.
  - s_per_iter: OpenCL=0.0906, CUDA=0.0435, ratio=2.08x.
  - ptxas_registers_max: OpenCL=96, CUDA=96, ratio=1.00x.
  - ptxas_spill_stores_bytes_max: OpenCL=0, CUDA=0.
  - ptxas_spill_loads_bytes_max: OpenCL=0, CUDA=0.
  - ptxas_stack_frame_bytes_max: OpenCL=0, CUDA=0.
  - sass_instruction_lines: OpenCL=408, CUDA=344, ratio=1.19x.
  - sass_family_stg: OpenCL=64, CUDA=64, ratio=1.00x.
  - sass_inst_per_stg: OpenCL=6.3750, CUDA=5.3750, ratio=1.19x.
  - sass_int_addr_ops: OpenCL=172, CUDA=34, ratio=5.06x.
  - sass_int_addr_ops_per_stg: OpenCL=2.6875, CUDA=0.531, ratio=5.06x.
  - sass_ffma_per_stg: OpenCL=1.0000, CUDA=2.0000, ratio=0.50x.
  - sass_family_ffma: OpenCL=64, CUDA=128, ratio=0.50x.
  - sass_family_fmul: OpenCL=0, CUDA=0.
  - sass_family_fadd: OpenCL=0, CUDA=0.
  - sass_ffma_fraction: OpenCL=0.157, CUDA=0.372, ratio=0.42x.
  - sass_inst_per_ffma: OpenCL=6.3750, CUDA=2.6875, ratio=2.37x.
  - sass_global_mem_per_ffma: OpenCL=1.0312, CUDA=0.625, ratio=1.65x.

Files used for metrics
[opencl]
  opencl/artifact_manifest.json
  opencl/loopy_kernel.cl
  opencl/loopy_translation_unit.txt
  opencl/pocl-cache/tempfile_CgPzx8.cl
  opencl/pocl-cache/tempfile_dJ8nmd.cl
  opencl/pocl-cache-extracted/tempfile_CgPzx8.cl
  opencl/pocl_cache_snapshot_manifest.json
  opencl/pocl_primary.cuobjdump_resource_usage.cmd.json
  opencl/pocl_primary.cuobjdump_resource_usage.stderr.txt
  opencl/pocl_primary.cuobjdump_resource_usage.stdout.txt
  opencl/pocl_primary.cuobjdump_sass.cmd.json
  opencl/pocl_primary.cuobjdump_sass.stderr.txt
  opencl/pocl_primary.cuobjdump_sass.stdout.txt
  opencl/pocl_primary.nvdisasm.cmd.json
  opencl/pocl_primary.nvdisasm.stderr.txt
  opencl/pocl_primary.nvdisasm.stdout.txt
  opencl/pocl_primary.ptx
  opencl/pocl_primary.ptxas_from_ptx.cmd.json
  opencl/pocl_primary.ptxas_from_ptx.stderr.txt
  opencl/pocl_primary.ptxas_from_ptx.stdout.txt
  opencl/pocl_primary.resource_usage.txt
  opencl/pocl_primary.sass
[cuda]
  cuda/artifact_manifest.json
  cuda/loopy_kernel.cu
  cuda/loopy_kernel.ptx
  cuda/loopy_kernel.resource_usage.txt
  cuda/loopy_kernel.sass
  cuda/loopy_translation_unit.txt
  cuda/nvcc_cubin.stderr.txt
  cuda/ptxas_from_ptx.cmd.json
  cuda/ptxas_from_ptx.stderr.txt
  cuda/ptxas_from_ptx.stdout.txt
[unknown]
  run_manifest.json
  run_manifest.pre.json

Tip: use --color always with less -R; POCL metrics are from the run-local opencl/pocl-cache by default.
